# JRE version: Java(TM) SE Runtime Environment (8.0_211-b12) (build 1.8.0_211-b12)
# Java VM: Java HotSpot(TM) 64-Bit Server VM (25.211-b12 mixed mode bsd-amd64 compressed oops)
Heap:
 PSYoungGen      total 343552K, used 170715K [0x000000076ab00000, 0x0000000786280000, 0x00000007c0000000)
  eden space 328704K, 51% used [0x000000076ab00000,0x00000007751b6f08,0x000000077ec00000)
  from space 14848K, 0% used [0x000000077ec00000,0x000000077ec00000,0x000000077fa80000)
  to   space 17920K, 0% used [0x0000000785100000,0x0000000785100000,0x0000000786280000)
 ParOldGen       total 203264K, used 29025K [0x00000006c0000000, 0x00000006cc680000, 0x000000076ab00000)
  object space 203264K, 14% used [0x00000006c0000000,0x00000006c1c58690,0x00000006cc680000)
 Metaspace       used 60918K, capacity 63940K, committed 63960K, reserved 1103872K
  class space    used 8428K, capacity 8917K, committed 8920K, reserved 1048576K
GC Heap History (10 events):
Event: 3.407 GC heap before
{Heap before GC invocations=8 (full 1):
 PSYoungGen      total 218112K, used 32519K [0x000000076ab00000, 0x0000000778e80000, 0x00000007c0000000)
  eden space 209408K, 11% used [0x000000076ab00000,0x000000076c2448d8,0x0000000777780000)
  from space 8704K, 99% used [0x0000000778380000,0x0000000778bfd700,0x0000000778c00000)
  to   space 11776K, 0% used [0x0000000777780000,0x0000000777780000,0x0000000778300000)
 ParOldGen       total 94720K, used 10125K [0x00000006c0000000, 0x00000006c5c80000, 0x000000076ab00000)
  object space 94720K, 10% used [0x00000006c0000000,0x00000006c09e3420,0x00000006c5c80000)
 Metaspace       used 34243K, capacity 35336K, committed 35416K, reserved 1079296K
  class space    used 4661K, capacity 4911K, committed 4952K, reserved 1048576K
Event: 3.413 GC heap after
Heap after GC invocations=8 (full 1):
 PSYoungGen      total 221184K, used 7926K [0x000000076ab00000, 0x0000000780900000, 0x00000007c0000000)
  eden space 209408K, 0% used [0x000000076ab00000,0x000000076ab00000,0x0000000777780000)
  from space 11776K, 67% used [0x0000000777780000,0x0000000777f3d9e8,0x0000000778300000)
  to   space 11264K, 0% used [0x000000077fe00000,0x000000077fe00000,0x0000000780900000)
 ParOldGen       total 94720K, used 10133K [0x00000006c0000000, 0x00000006c5c80000, 0x000000076ab00000)
  object space 94720K, 10% used [0x00000006c0000000,0x00000006c09e5420,0x00000006c5c80000)
 Metaspace       used 34243K, capacity 35336K, committed 35416K, reserved 1079296K
  class space    used 4661K, capacity 4911K, committed 4952K, reserved 1048576K
}
Event: 3.413 GC heap before
{Heap before GC invocations=9 (full 2):
 PSYoungGen      total 221184K, used 7926K [0x000000076ab00000, 0x0000000780900000, 0x00000007c0000000)
  eden space 209408K, 0% used [0x000000076ab00000,0x000000076ab00000,0x0000000777780000)
  from space 11776K, 67% used [0x0000000777780000,0x0000000777f3d9e8,0x0000000778300000)
  to   space 11264K, 0% used [0x000000077fe00000,0x000000077fe00000,0x0000000780900000)
 ParOldGen       total 94720K, used 10133K [0x00000006c0000000, 0x00000006c5c80000, 0x000000076ab00000)
  object space 94720K, 10% used [0x00000006c0000000,0x00000006c09e5420,0x00000006c5c80000)
 Metaspace       used 34243K, capacity 35336K, committed 35416K, reserved 1079296K
  class space    used 4661K, capacity 4911K, committed 4952K, reserved 1048576K
Event: 3.451 GC heap after
Heap after GC invocations=9 (full 2):
 PSYoungGen      total 221184K, used 0K [0x000000076ab00000, 0x0000000780900000, 0x00000007c0000000)
  eden space 209408K, 0% used [0x000000076ab00000,0x000000076ab00000,0x0000000777780000)
  from space 11776K, 0% used [0x0000000777780000,0x0000000777780000,0x0000000778300000)
  to   space 11264K, 0% used [0x000000077fe00000,0x000000077fe00000,0x0000000780900000)
 ParOldGen       total 141824K, used 12489K [0x00000006c0000000, 0x00000006c8a80000, 0x000000076ab00000)
  object space 141824K, 8% used [0x00000006c0000000,0x00000006c0c325b8,0x00000006c8a80000)
 Metaspace       used 34243K, capacity 35336K, committed 35416K, reserved 1079296K
  class space    used 4661K, capacity 4911K, committed 4952K, reserved 1048576K
}
Event: 5.495 GC heap before
{Heap before GC invocations=10 (full 2):
 PSYoungGen      total 221184K, used 209408K [0x000000076ab00000, 0x0000000780900000, 0x00000007c0000000)
  eden space 209408K, 100% used [0x000000076ab00000,0x0000000777780000,0x0000000777780000)
  from space 11776K, 0% used [0x0000000777780000,0x0000000777780000,0x0000000778300000)
  to   space 11264K, 0% used [0x000000077fe00000,0x000000077fe00000,0x0000000780900000)
 ParOldGen       total 141824K, used 12489K [0x00000006c0000000, 0x00000006c8a80000, 0x000000076ab00000)
  object space 141824K, 8% used [0x00000006c0000000,0x00000006c0c325b8,0x00000006c8a80000)
 Metaspace       used 47940K, capacity 49566K, committed 50008K, reserved 1091584K
  class space    used 6603K, capacity 6896K, committed 7000K, reserved 1048576K
Event: 5.528 GC heap after
Heap after GC invocations=10 (full 2):
 PSYoungGen      total 332800K, used 11250K [0x000000076ab00000, 0x0000000780900000, 0x00000007c0000000)
  eden space 321536K, 0% used [0x000000076ab00000,0x000000076ab00000,0x000000077e500000)
  from space 11264K, 99% used [0x000000077fe00000,0x00000007808fc9e0,0x0000000780900000)
  to   space 14848K, 0% used [0x000000077ec00000,0x000000077ec00000,0x000000077fa80000)
 ParOldGen       total 141824K, used 17846K [0x00000006c0000000, 0x00000006c8a80000, 0x000000076ab00000)
  object space 141824K, 12% used [0x00000006c0000000,0x00000006c116dbf8,0x00000006c8a80000)
 Metaspace       used 47940K, capacity 49566K, committed 50008K, reserved 1091584K
  class space    used 6603K, capacity 6896K, committed 7000K, reserved 1048576K
}
Event: 8.636 GC heap before
{Heap before GC invocations=11 (full 2):
 PSYoungGen      total 332800K, used 222955K [0x000000076ab00000, 0x0000000780900000, 0x00000007c0000000)
  eden space 321536K, 65% used [0x000000076ab00000,0x00000007779be2f8,0x000000077e500000)
  from space 11264K, 99% used [0x000000077fe00000,0x00000007808fc9e0,0x0000000780900000)
  to   space 14848K, 0% used [0x000000077ec00000,0x000000077ec00000,0x000000077fa80000)
 ParOldGen       total 141824K, used 17846K [0x00000006c0000000, 0x00000006c8a80000, 0x000000076ab00000)
  object space 141824K, 12% used [0x00000006c0000000,0x00000006c116dbf8,0x00000006c8a80000)
 Metaspace       used 56363K, capacity 58898K, committed 58968K, reserved 1099776K
  class space    used 7795K, capacity 8240K, committed 8280K, reserved 1048576K
Event: 8.651 GC heap after
Heap after GC invocations=11 (full 2):
 PSYoungGen      total 343552K, used 14838K [0x000000076ab00000, 0x0000000786280000, 0x00000007c0000000)
  eden space 328704K, 0% used [0x000000076ab00000,0x000000076ab00000,0x000000077ec00000)
  from space 14848K, 99% used [0x000000077ec00000,0x000000077fa7da60,0x000000077fa80000)
  to   space 17920K, 0% used [0x0000000785100000,0x0000000785100000,0x0000000786280000)
 ParOldGen       total 141824K, used 22020K [0x00000006c0000000, 0x00000006c8a80000, 0x000000076ab00000)
  object space 141824K, 15% used [0x00000006c0000000,0x00000006c1581210,0x00000006c8a80000)
 Metaspace       used 56363K, capacity 58898K, committed 58968K, reserved 1099776K
  class space    used 7795K, capacity 8240K, committed 8280K, reserved 1048576K
}
Event: 8.651 GC heap before
{Heap before GC invocations=12 (full 3):
 PSYoungGen      total 343552K, used 14838K [0x000000076ab00000, 0x0000000786280000, 0x00000007c0000000)
  eden space 328704K, 0% used [0x000000076ab00000,0x000000076ab00000,0x000000077ec00000)
  from space 14848K, 99% used [0x000000077ec00000,0x000000077fa7da60,0x000000077fa80000)
  to   space 17920K, 0% used [0x0000000785100000,0x0000000785100000,0x0000000786280000)
 ParOldGen       total 141824K, used 22020K [0x00000006c0000000, 0x00000006c8a80000, 0x000000076ab00000)
  object space 141824K, 15% used [0x00000006c0000000,0x00000006c1581210,0x00000006c8a80000)
 Metaspace       used 56363K, capacity 58898K, committed 58968K, reserved 1099776K
  class space    used 7795K, capacity 8240K, committed 8280K, reserved 1048576K
Event: 8.796 GC heap after
Heap after GC invocations=12 (full 3):
 PSYoungGen      total 343552K, used 0K [0x000000076ab00000, 0x0000000786280000, 0x00000007c0000000)
  eden space 328704K, 0% used [0x000000076ab00000,0x000000076ab00000,0x000000077ec00000)
  from space 14848K, 0% used [0x000000077ec00000,0x000000077ec00000,0x000000077fa80000)
  to   space 17920K, 0% used [0x0000000785100000,0x0000000785100000,0x0000000786280000)
 ParOldGen       total 203264K, used 29025K [0x00000006c0000000, 0x00000006cc680000, 0x000000076ab00000)
  object space 203264K, 14% used [0x00000006c0000000,0x00000006c1c58690,0x00000006cc680000)
 Metaspace       used 56363K, capacity 58898K, committed 58968K, reserved 1099776K
  class space    used 7795K, capacity 8240K, committed 8280K, reserved 1048576K
}

